Case #1: 2 3
Case #1: 2 3
Case #1: 2 3
Case #1: 2 3
Case #1: 2 3
Case #1: 2 3
Case #1: 2 3
Case #1: 2 3
Case #1: 2 3
Case #1: 2 3
Case #1: 2 3
Case #1: 2 3
Case #1: 2 3
Case #1: 2 3
Case #1: 2 3
Case #1: 2 3
Case #1: 2 3
Case #1: 2 3
Case #1: 2 3
Case #1: 2 3
Case #1: 2 3
Case #1: 2 3
Case #1: 2 3
Case #1: 2 3
Case #1: 2 3
Case #1: 2 3
Case #1: 2 3
Case #1: 2 3
Case #1: 2 3
Case #1: 2 3
Case #1: 2 3
Case #1: 2 3
Case #1: 2 3
Case #1: 2 3
Case #1: 2 3
Case #1: 2 3
Case #1: 2 3
Case #1: 2 3
Case #1: 2 3
Case #1: 2 3
Case #1: 2 3
Case #1: 2 3
Case #1: 2 3
Case #1: 2 3
Case #1: 2 3
Case #1: 2 3
Case #1: 2 3
Case #1: 2 3
Case #1: 2 3
Case #1: 2 3
